<?xml version="1.0" encoding="UTF-8"?>
<coverage generated="1512110177354" clover="3.2.0">
  <project timestamp="1512110177354" name="All files">
    <metrics statements="2" coveredstatements="2" conditionals="0" coveredconditionals="0" methods="1" coveredmethods="1" elements="3" coveredelements="3" complexity="0" loc="2" ncloc="2" packages="1" files="1" classes="1">
      <file name="App.js" path="/Users/AleoMok/Documents/Cornell Tech/Fall 2017/(CS 5356) Startup Systems Design and Engineering/session_2/my-react-native-app/App.js">
        <metrics statements="2" coveredstatements="2" conditionals="0" coveredconditionals="0" methods="1" coveredmethods="1"/>
        <line num="6" count="1" type="stmt"/>
        <line num="16" count="1" type="stmt"/>
      </file>
    </metrics>
  </project>
</coverage>
