{"/Users/AleoMok/Documents/Cornell Tech/Fall 2017/(CS 5356) Startup Systems Design and Engineering/session_2/my-react-native-app/App.js": {"path":"/Users/AleoMok/Documents/Cornell Tech/Fall 2017/(CS 5356) Startup Systems Design and Engineering/session_2/my-react-native-app/App.js","statementMap":{"0":{"start":{"line":6,"column":4},"end":{"line":12,"column":6}},"1":{"start":{"line":16,"column":15},"end":{"line":23,"column":2}}},"fnMap":{"0":{"name":"(anonymous_0)","decl":{"start":{"line":5,"column":2},"end":{"line":5,"column":3}},"loc":{"start":{"line":5,"column":11},"end":{"line":13,"column":3}},"line":5}},"branchMap":{},"s":{"0":1,"1":1},"f":{"0":1},"b":{},"_coverageSchema":"332fd63041d2c1bcb487cc26dd0d5f7d97098a6c","hash":"acd777fa2ac4b0975ca3c9b2191cbf86515cd81f"}
}
